<?xml version="1.0" encoding="UTF-8"?>
<testsuite xmlns:xsi="http://www.w3.org/2001/XMLSchema-instance" xsi:noNamespaceSchemaLocation="https://maven.apache.org/surefire/maven-surefire-plugin/xsd/surefire-test-report-3.0.xsd" version="3.0" name="com.assignment.payment.service.PaymentServiceFeatureTest" time="1.516" tests="8" errors="0" skipped="0" failures="0">
  <properties>
[...]
</properties>
  <testcase name="vipMemberPointPaymentAppliesBothDiscounts" classname="com.assignment.payment.service.PaymentServiceFeatureTest" time="0.314">
    <system-out><![CDATA[01:07:41.850 [main] INFO org.springframework.test.context.support.AnnotationConfigContextLoaderUtils -- Could not detect default configuration classes for test class [com.assignment.payment.service.PaymentServiceFeatureTest]: PaymentServiceFeatureTest does not declare any static, non-private, non-final, nested classes annotated with @Configuration.
01:07:41.883 [main] INFO org.springframework.boot.test.context.SpringBootTestContextBootstrapper -- Found @SpringBootConfiguration com.assignment.payment.PaymentApplication for test class com.assignment.payment.service.PaymentServiceFeatureTest

  .   ____          _            __ _ _
 /\\ / ___'_ __ _ _(_)_ __  __ _ \ \ \ \
( ( )\___ | '_ | '_| | '_ \/ _` | \ \ \ \
 \\/  ___)| |_)| | | | | || (_| |  ) ) ) )
  '  |____| .__|_| |_|_| |_\__, | / / / /
 =========|_|==============|___/=/_/_/_/
 :: Spring Boot ::                (v3.2.5)

2026-04-21T01:07:42.026+09:00  INFO 28930 --- [           main] c.a.p.service.PaymentServiceFeatureTest  : Starting PaymentServiceFeatureTest using Java 21.0.10 with PID 28930 (started by vesi in /Users/vesi/backend-assignment)
2026-04-21T01:07:42.027+09:00  INFO 28930 --- [           main] c.a.p.service.PaymentServiceFeatureTest  : No active profile set, falling back to 1 default profile: "default"
2026-04-21T01:07:42.152+09:00  INFO 28930 --- [           main] .s.d.r.c.RepositoryConfigurationDelegate : Bootstrapping Spring Data JPA repositories in DEFAULT mode.
2026-04-21T01:07:42.172+09:00  INFO 28930 --- [           main] .s.d.r.c.RepositoryConfigurationDelegate : Finished Spring Data repository scanning in 17 ms. Found 4 JPA repository interfaces.
2026-04-21T01:07:42.298+09:00  INFO 28930 --- [           main] o.hibernate.jpa.internal.util.LogHelper  : HHH000204: Processing PersistenceUnitInfo [name: default]
2026-04-21T01:07:42.320+09:00  INFO 28930 --- [           main] org.hibernate.Version                    : HHH000412: Hibernate ORM core version 6.4.4.Final
2026-04-21T01:07:42.332+09:00  INFO 28930 --- [           main] o.h.c.internal.RegionFactoryInitiator    : HHH000026: Second-level cache disabled
2026-04-21T01:07:42.420+09:00  INFO 28930 --- [           main] o.s.o.j.p.SpringPersistenceUnitInfo      : No LoadTimeWeaver setup: ignoring JPA class transformer
2026-04-21T01:07:42.429+09:00  INFO 28930 --- [           main] com.zaxxer.hikari.HikariDataSource       : HikariPool-1 - Starting...
2026-04-21T01:07:42.489+09:00  INFO 28930 --- [           main] com.zaxxer.hikari.pool.HikariPool        : HikariPool-1 - Added connection conn0: url=jdbc:h2:mem:paymentdb user=SA
2026-04-21T01:07:42.489+09:00  INFO 28930 --- [           main] com.zaxxer.hikari.HikariDataSource       : HikariPool-1 - Start completed.
2026-04-21T01:07:42.499+09:00  WARN 28930 --- [           main] org.hibernate.orm.deprecation            : HHH90000025: H2Dialect does not need to be specified explicitly using 'hibernate.dialect' (remove the property setting and it will be selected by default)
2026-04-21T01:07:42.795+09:00  INFO 28930 --- [           main] o.h.e.t.j.p.i.JtaPlatformInitiator       : HHH000489: No JTA platform available (set 'hibernate.transaction.jta.platform' to enable JTA platform integration)
Hibernate: 
    drop table if exists members cascade 
Hibernate: 
    drop table if exists orders cascade 
Hibernate: 
    drop table if exists payment_discount_histories cascade 
Hibernate: 
    drop table if exists payments cascade 
Hibernate: 
    create table members (
        id bigint generated by default as identity,
        grade varchar(255) not null check (grade in ('NORMAL','VIP','VVIP')),
        name varchar(255) not null,
        primary key (id)
    )
Hibernate: 
    create table orders (
        original_price integer not null,
        id bigint generated by default as identity,
        member_id bigint not null,
        product_name varchar(255) not null,
        primary key (id)
    )
Hibernate: 
    create table payment_discount_histories (
        discount_amount integer not null,
        discount_rate numeric(5,4),
        applied_at timestamp(6) not null,
        id bigint generated by default as identity,
        payment_id bigint not null,
        applied_grade varchar(255) not null,
        discount_type varchar(255) not null check (discount_type in ('GRADE','PAYMENT_METHOD')),
        policy_name varchar(255) not null,
        primary key (id)
    )
Hibernate: 
    create table payments (
        final_amount integer not null,
        id bigint generated by default as identity,
        order_id bigint not null unique,
        paid_at timestamp(6) not null,
        payment_method varchar(255) not null check (payment_method in ('CREDIT_CARD','POINT')),
        primary key (id)
    )
Hibernate: 
    alter table if exists orders 
       add constraint FK2vq7lo4gkknrmghj3rqpqqg6s 
       foreign key (member_id) 
       references members
Hibernate: 
    alter table if exists payment_discount_histories 
       add constraint FKmj9m6ek8j03unc5rcbp18ay3k 
       foreign key (payment_id) 
       references payments
Hibernate: 
    alter table if exists payments 
       add constraint FK81gagumt0r8y3rmudcgpbk42l 
       foreign key (order_id) 
       references orders
2026-04-21T01:07:42.812+09:00  INFO 28930 --- [           main] j.LocalContainerEntityManagerFactoryBean : Initialized JPA EntityManagerFactory for persistence unit 'default'
2026-04-21T01:07:42.945+09:00  INFO 28930 --- [           main] c.a.p.service.PaymentServiceFeatureTest  : Started PaymentServiceFeatureTest in 1.024 seconds (process running for 1.4)
Hibernate: 
    insert 
    into
        members
        (grade, name, id) 
    values
        (?, ?, default)
Hibernate: 
    insert 
    into
        orders
        (member_id, original_price, product_name, id) 
    values
        (?, ?, ?, default)
Hibernate: 
    select
        p1_0.id 
    from
        payments p1_0 
    left join
        orders o1_0 
            on o1_0.id=p1_0.order_id 
    where
        o1_0.id=? 
    fetch
        first ? rows only
Hibernate: 
    insert 
    into
        payments
        (final_amount, order_id, paid_at, payment_method, id) 
    values
        (?, ?, ?, ?, default)
Hibernate: 
    insert 
    into
        payment_discount_histories
        (applied_at, applied_grade, discount_amount, discount_rate, discount_type, payment_id, policy_name, id) 
    values
        (?, ?, ?, ?, ?, ?, ?, default)
Hibernate: 
    insert 
    into
        payment_discount_histories
        (applied_at, applied_grade, discount_amount, discount_rate, discount_type, payment_id, policy_name, id) 
    values
        (?, ?, ?, ?, ?, ?, ?, default)
]]></system-out>
    <system-err><![CDATA[WARNING: A Java agent has been loaded dynamically (/Users/vesi/.m2/repository/net/bytebuddy/byte-buddy-agent/1.14.13/byte-buddy-agent-1.14.13.jar)
WARNING: If a serviceability tool is in use, please run with -XX:+EnableDynamicAgentLoading to hide this warning
WARNING: If a serviceability tool is not in use, please run with -Djdk.instrument.traceUsage for more information
WARNING: Dynamic loading of agents will be disallowed by default in a future release
]]></system-err>
  </testcase>
  <testcase name="twoHistoriesForPointPaymentWithGradeDiscount" classname="com.assignment.payment.service.PaymentServiceFeatureTest" time="0.012">
    <system-out><![CDATA[Hibernate: 
    insert 
    into
        members
        (grade, name, id) 
    values
        (?, ?, default)
Hibernate: 
    insert 
    into
        orders
        (member_id, original_price, product_name, id) 
    values
        (?, ?, ?, default)
Hibernate: 
    select
        p1_0.id 
    from
        payments p1_0 
    left join
        orders o1_0 
            on o1_0.id=p1_0.order_id 
    where
        o1_0.id=? 
    fetch
        first ? rows only
Hibernate: 
    insert 
    into
        payments
        (final_amount, order_id, paid_at, payment_method, id) 
    values
        (?, ?, ?, ?, default)
Hibernate: 
    insert 
    into
        payment_discount_histories
        (applied_at, applied_grade, discount_amount, discount_rate, discount_type, payment_id, policy_name, id) 
    values
        (?, ?, ?, ?, ?, ?, ?, default)
Hibernate: 
    insert 
    into
        payment_discount_histories
        (applied_at, applied_grade, discount_amount, discount_rate, discount_type, payment_id, policy_name, id) 
    values
        (?, ?, ?, ?, ?, ?, ?, default)
Hibernate: 
    select
        pdh1_0.id,
        pdh1_0.applied_at,
        pdh1_0.applied_grade,
        pdh1_0.discount_amount,
        pdh1_0.discount_rate,
        pdh1_0.discount_type,
        pdh1_0.payment_id,
        pdh1_0.policy_name 
    from
        payment_discount_histories pdh1_0 
    left join
        payments p1_0 
            on p1_0.id=pdh1_0.payment_id 
    where
        p1_0.id=?
]]></system-out>
  </testcase>
  <testcase name="normalGradeHistoryStoredWithZeroDiscount" classname="com.assignment.payment.service.PaymentServiceFeatureTest" time="0.004">
    <system-out><![CDATA[Hibernate: 
    insert 
    into
        members
        (grade, name, id) 
    values
        (?, ?, default)
Hibernate: 
    insert 
    into
        orders
        (member_id, original_price, product_name, id) 
    values
        (?, ?, ?, default)
Hibernate: 
    select
        p1_0.id 
    from
        payments p1_0 
    left join
        orders o1_0 
            on o1_0.id=p1_0.order_id 
    where
        o1_0.id=? 
    fetch
        first ? rows only
Hibernate: 
    insert 
    into
        payments
        (final_amount, order_id, paid_at, payment_method, id) 
    values
        (?, ?, ?, ?, default)
Hibernate: 
    insert 
    into
        payment_discount_histories
        (applied_at, applied_grade, discount_amount, discount_rate, discount_type, payment_id, policy_name, id) 
    values
        (?, ?, ?, ?, ?, ?, ?, default)
Hibernate: 
    select
        pdh1_0.id,
        pdh1_0.applied_at,
        pdh1_0.applied_grade,
        pdh1_0.discount_amount,
        pdh1_0.discount_rate,
        pdh1_0.discount_type,
        pdh1_0.payment_id,
        pdh1_0.policy_name 
    from
        payment_discount_histories pdh1_0 
    left join
        payments p1_0 
            on p1_0.id=pdh1_0.payment_id 
    where
        p1_0.id=?
]]></system-out>
  </testcase>
  <testcase name="creditCardPaymentDoesNotApplyPointDiscount" classname="com.assignment.payment.service.PaymentServiceFeatureTest" time="0.006">
    <system-out><![CDATA[Hibernate: 
    insert 
    into
        members
        (grade, name, id) 
    values
        (?, ?, default)
Hibernate: 
    insert 
    into
        orders
        (member_id, original_price, product_name, id) 
    values
        (?, ?, ?, default)
Hibernate: 
    select
        p1_0.id 
    from
        payments p1_0 
    left join
        orders o1_0 
            on o1_0.id=p1_0.order_id 
    where
        o1_0.id=? 
    fetch
        first ? rows only
Hibernate: 
    insert 
    into
        payments
        (final_amount, order_id, paid_at, payment_method, id) 
    values
        (?, ?, ?, ?, default)
Hibernate: 
    insert 
    into
        payment_discount_histories
        (applied_at, applied_grade, discount_amount, discount_rate, discount_type, payment_id, policy_name, id) 
    values
        (?, ?, ?, ?, ?, ?, ?, default)
]]></system-out>
  </testcase>
  <testcase name="gradeDiscountHistoryIsSaved" classname="com.assignment.payment.service.PaymentServiceFeatureTest" time="0.005">
    <system-out><![CDATA[Hibernate: 
    insert 
    into
        members
        (grade, name, id) 
    values
        (?, ?, default)
Hibernate: 
    insert 
    into
        orders
        (member_id, original_price, product_name, id) 
    values
        (?, ?, ?, default)
Hibernate: 
    select
        p1_0.id 
    from
        payments p1_0 
    left join
        orders o1_0 
            on o1_0.id=p1_0.order_id 
    where
        o1_0.id=? 
    fetch
        first ? rows only
Hibernate: 
    insert 
    into
        payments
        (final_amount, order_id, paid_at, payment_method, id) 
    values
        (?, ?, ?, ?, default)
Hibernate: 
    insert 
    into
        payment_discount_histories
        (applied_at, applied_grade, discount_amount, discount_rate, discount_type, payment_id, policy_name, id) 
    values
        (?, ?, ?, ?, ?, ?, ?, default)
Hibernate: 
    select
        pdh1_0.id,
        pdh1_0.applied_at,
        pdh1_0.applied_grade,
        pdh1_0.discount_amount,
        pdh1_0.discount_rate,
        pdh1_0.discount_type,
        pdh1_0.payment_id,
        pdh1_0.policy_name 
    from
        payment_discount_histories pdh1_0 
    left join
        payments p1_0 
            on p1_0.id=pdh1_0.payment_id 
    where
        p1_0.id=?
]]></system-out>
  </testcase>
  <testcase name="vvipMemberPointPaymentAppliesBothDiscounts" classname="com.assignment.payment.service.PaymentServiceFeatureTest" time="0.003">
    <system-out><![CDATA[Hibernate: 
    insert 
    into
        members
        (grade, name, id) 
    values
        (?, ?, default)
Hibernate: 
    insert 
    into
        orders
        (member_id, original_price, product_name, id) 
    values
        (?, ?, ?, default)
Hibernate: 
    select
        p1_0.id 
    from
        payments p1_0 
    left join
        orders o1_0 
            on o1_0.id=p1_0.order_id 
    where
        o1_0.id=? 
    fetch
        first ? rows only
Hibernate: 
    insert 
    into
        payments
        (final_amount, order_id, paid_at, payment_method, id) 
    values
        (?, ?, ?, ?, default)
Hibernate: 
    insert 
    into
        payment_discount_histories
        (applied_at, applied_grade, discount_amount, discount_rate, discount_type, payment_id, policy_name, id) 
    values
        (?, ?, ?, ?, ?, ?, ?, default)
Hibernate: 
    insert 
    into
        payment_discount_histories
        (applied_at, applied_grade, discount_amount, discount_rate, discount_type, payment_id, policy_name, id) 
    values
        (?, ?, ?, ?, ?, ?, ?, default)
]]></system-out>
  </testcase>
  <testcase name="historiesPreserveSnapshotAfterPolicyWouldChange" classname="com.assignment.payment.service.PaymentServiceFeatureTest" time="0.006">
    <system-out><![CDATA[Hibernate: 
    insert 
    into
        members
        (grade, name, id) 
    values
        (?, ?, default)
Hibernate: 
    insert 
    into
        orders
        (member_id, original_price, product_name, id) 
    values
        (?, ?, ?, default)
Hibernate: 
    select
        p1_0.id 
    from
        payments p1_0 
    left join
        orders o1_0 
            on o1_0.id=p1_0.order_id 
    where
        o1_0.id=? 
    fetch
        first ? rows only
Hibernate: 
    insert 
    into
        payments
        (final_amount, order_id, paid_at, payment_method, id) 
    values
        (?, ?, ?, ?, default)
Hibernate: 
    insert 
    into
        payment_discount_histories
        (applied_at, applied_grade, discount_amount, discount_rate, discount_type, payment_id, policy_name, id) 
    values
        (?, ?, ?, ?, ?, ?, ?, default)
Hibernate: 
    select
        pdh1_0.id,
        pdh1_0.applied_at,
        pdh1_0.applied_grade,
        pdh1_0.discount_amount,
        pdh1_0.discount_rate,
        pdh1_0.discount_type,
        pdh1_0.payment_id,
        pdh1_0.policy_name 
    from
        payment_discount_histories pdh1_0 
    left join
        payments p1_0 
            on p1_0.id=pdh1_0.payment_id 
    where
        p1_0.id=?
]]></system-out>
  </testcase>
  <testcase name="normalMemberPointPaymentAppliesOnlyPointDiscount" classname="com.assignment.payment.service.PaymentServiceFeatureTest" time="0.003">
    <system-out><![CDATA[Hibernate: 
    insert 
    into
        members
        (grade, name, id) 
    values
        (?, ?, default)
Hibernate: 
    insert 
    into
        orders
        (member_id, original_price, product_name, id) 
    values
        (?, ?, ?, default)
Hibernate: 
    select
        p1_0.id 
    from
        payments p1_0 
    left join
        orders o1_0 
            on o1_0.id=p1_0.order_id 
    where
        o1_0.id=? 
    fetch
        first ? rows only
Hibernate: 
    insert 
    into
        payments
        (final_amount, order_id, paid_at, payment_method, id) 
    values
        (?, ?, ?, ?, default)
Hibernate: 
    insert 
    into
        payment_discount_histories
        (applied_at, applied_grade, discount_amount, discount_rate, discount_type, payment_id, policy_name, id) 
    values
        (?, ?, ?, ?, ?, ?, ?, default)
Hibernate: 
    insert 
    into
        payment_discount_histories
        (applied_at, applied_grade, discount_amount, discount_rate, discount_type, payment_id, policy_name, id) 
    values
        (?, ?, ?, ?, ?, ?, ?, default)
]]></system-out>
  </testcase>
</testsuite>